00:00:00.015306 main     VirtualBox XPCOM Server 6.0.14 r133895 linux.amd64 (Oct 10 2019 21:02:02) release log
00:00:00.015312 main     Log opened 2019-10-20T06:53:02.691120000Z
00:00:00.015313 main     Build Type: release
00:00:00.015321 main     OS Product: Linux
00:00:00.015324 main     OS Release: 4.19.0-6-amd64
00:00:00.015327 main     OS Version: #1 SMP Debian 4.19.67-2+deb10u1 (2019-09-20)
00:00:00.015385 main     DMI Product Name: HP G62 Notebook PC
00:00:00.015404 main     DMI Product Version: 049B100002202710000020000
00:00:00.015489 main     Host RAM: 3746MB (3.6GB) total, 3423MB (3.3GB) available
00:00:00.015494 main     Executable: /usr/lib/virtualbox/VBoxSVC
00:00:00.015495 main     Process ID: 1648
00:00:00.015496 main     Package type: LINUX_64BITS__UBUNTU_18_04
00:00:00.017959 main     IPC socket path: /tmp/.vbox-birkhoff-ipc/ipcd
00:00:00.135181 nspr-2   VirtualBox: object creation starts
00:00:00.135954 nspr-2   Home directory: '/home/birkhoff/.config/VirtualBox'
00:00:00.152094 nspr-2   Loading settings file "/home/birkhoff/.config/VirtualBox/VirtualBox.xml" with version "1.14-linux"
00:00:00.177646 nspr-2   Successfully initialised host USB using sysfs
00:00:00.215873 nspr-2   NAT: resolv.conf: nameserver 196.192.32.5
00:00:00.215932 nspr-2   NAT: resolv.conf: nameserver 41.188.9.130
00:00:00.215964 nspr-2   HostDnsMonitor::updateInfo
00:00:00.215993 nspr-2   HostDnsMonitor: old information
00:00:00.216004 nspr-2     no server entries
00:00:00.216013 nspr-2     no domain set
00:00:00.216021 nspr-2     no search string entries
00:00:00.216030 nspr-2   HostDnsMonitor: new information
00:00:00.216038 nspr-2     server 1: 196.192.32.5
00:00:00.216047 nspr-2     server 2: 41.188.9.130
00:00:00.216056 nspr-2     no domain set
00:00:00.216064 nspr-2     no search string entries
00:00:00.334762 nspr-2   VD: VDInit finished with VINF_SUCCESS
00:00:00.408501 nspr-2   Loading settings file "/home/birkhoff/VirtualBox VMs/Debian/Debian.vbox" with version "1.16-linux"
00:00:00.444013 nspr-2   Loading settings file "/home/birkhoff/VirtualBox VMs/Windows 7/Windows 7.vbox" with version "1.15-linux"
00:00:00.451194 nspr-2   Loading settings file "/home/birkhoff/VirtualBox VMs/Metasploitable/Metasploitable.vbox" with version "1.16-linux"
00:00:00.463775 nspr-2   Loading settings file "/home/birkhoff/VirtualBox VMs/Kali/Kali.vbox" with version "1.16-linux"
00:00:00.479964 nspr-2   OCI: Local config file '/home/birkhoff/.config/VirtualBox/oci_config' does not exist
00:00:00.479997 nspr-2   OCI: Original config file '/home/birkhoff/.oci/config' does not exist
00:00:00.480005 nspr-2   OCI: Reading profiles finished with status NS_OK
00:00:00.480018 nspr-2   ExtPack: Created cloud provider 'OCI' (hrc=NS_OK)
00:00:00.480045 nspr-2   VirtualBox: object created
00:00:08.555462 nspr-3   Load [/usr/lib/virtualbox/ExtensionPacks/Oracle_VM_VirtualBox_Extension_Pack/linux.amd64/VBoxHostWebcam.so] vrc=VINF_SUCCESS
00:00:15.757548 nspr-6   Saving settings file "/home/birkhoff/VirtualBox VMs/Windows 7/Windows 7.vbox" with version "1.15-linux"
00:05:25.842779 USBPROXY USBProxyBackendLinux: Device 1782:4d00 (sysfs:/sys/devices/pci0000:00/0000:00:1d.0/usb2/2-1/2-1.2//device:/dev/vboxusb/002/004) isn't accessible. giving udev a few seconds to fix this...
00:05:55.642149 USBPROXY USBProxyBackendLinux: Device 1782:4d00 (sysfs:/sys/devices/pci0000:00/0000:00:1d.0/usb2/2-1/2-1.2//device:/dev/vboxusb/002/005) isn't accessible. giving udev a few seconds to fix this...
00:07:28.025680 USBPROXY USBProxyBackendLinux: Device 093a:2510 (sysfs:/sys/devices/pci0000:00/0000:00:1a.0/usb1/1-1/1-1.1//device:/dev/vboxusb/001/007) isn't accessible. giving udev a few seconds to fix this...
00:07:29.201709 USBPROXY USBProxyBackendLinux: Device 093a:2510 (sysfs:/sys/devices/pci0000:00/0000:00:1a.0/usb1/1-1/1-1.1//device:/dev/vboxusb/001/009) isn't accessible. giving udev a few seconds to fix this...
00:07:31.641705 USBPROXY USBProxyBackendLinux: Device 093a:2510 (sysfs:/sys/devices/pci0000:00/0000:00:1a.0/usb1/1-1/1-1.1//device:/dev/vboxusb/001/010) isn't accessible. giving udev a few seconds to fix this...
00:07:43.481674 USBPROXY USBProxyBackendLinux: Device 093a:2510 (sysfs:/sys/devices/pci0000:00/0000:00:1a.0/usb1/1-1/1-1.1//device:/dev/vboxusb/001/011) isn't accessible. giving udev a few seconds to fix this...
00:09:11.745854 USBPROXY USBProxyBackendLinux: Device 093a:2510 (sysfs:/sys/devices/pci0000:00/0000:00:1a.0/usb1/1-1/1-1.1//device:/dev/vboxusb/001/013) isn't accessible. giving udev a few seconds to fix this...
00:09:26.925446 nspr-8   Saving settings file "/home/birkhoff/VirtualBox VMs/Windows 7/Windows 7.vbox" with version "1.15-linux"
00:09:26.990932 nspr-8   ERROR [COM]: aRC=VBOX_E_IPRT_ERROR (0x80bb0005) aIID={5047460a-265d-4538-b23e-ddba5fb84976} aComponent={MachineWrap} aText={Saved screenshot thumbnail data is not available (VERR_NOT_SUPPORTED)}, preserve=false aResultDetail=-37
00:09:27.014170 nspr-9   ERROR [COM]: aRC=VBOX_E_IPRT_ERROR (0x80bb0005) aIID={5047460a-265d-4538-b23e-ddba5fb84976} aComponent={MachineWrap} aText={Saved screenshot thumbnail data is not available (VERR_NOT_SUPPORTED)}, preserve=false aResultDetail=-37
00:09:27.071133 SaveState Saving settings file "/home/birkhoff/VirtualBox VMs/Windows 7/Windows 7.vbox" with version "1.15-linux"
00:09:28.302393 nspr-7   Saving settings file "/home/birkhoff/.config/VirtualBox/VirtualBox.xml" with version "1.14-linux"
00:09:28.480885 nspr-9   Saving settings file "/home/birkhoff/.config/VirtualBox/VirtualBox.xml" with version "1.14-linux"
